<?xml version="1.0" encoding="UTF-8"?>
<!-- Generated by org.testng.reporters.JUnitXMLReporter -->
<testsuite hostname="Pablo-PC" name="Default test" tests="28" failures="0" timestamp="26 Apr 2015 19:17:07 GMT" time="0.284" errors="0">
  <testcase name="fromJson" time="0.07" classname="org.upasample2.app.GsonTest"/>
  <testcase name="fromJson" time="0.001" classname="org.upasample2.app.GsonTest"/>
  <testcase name="fromJson" time="0.001" classname="org.upasample2.app.GsonTest"/>
  <testcase name="fromJson" time="0.01" classname="org.upasample2.app.GsonTest"/>
  <testcase name="fromJson" time="0.001" classname="org.upasample2.app.GsonTest"/>
  <testcase name="fromJson" time="0.002" classname="org.upasample2.app.GsonTest"/>
  <testcase name="fromJson" time="0.001" classname="org.upasample2.app.GsonTest"/>
  <testcase name="fromJson" time="0.001" classname="org.upasample2.app.GsonTest"/>
  <testcase name="fromJson" time="0.001" classname="org.upasample2.app.GsonTest"/>
  <testcase name="fromJson" time="0.003" classname="org.upasample2.app.GsonTest"/>
  <testcase name="fromJson" time="0.088" classname="org.upasample2.app.GsonTest"/>
  <testcase name="fromJson" time="0.002" classname="org.upasample2.app.GsonTest"/>
  <testcase name="fromJson" time="0.002" classname="org.upasample2.app.GsonTest"/>
  <testcase name="fromJson" time="0.003" classname="org.upasample2.app.GsonTest"/>
  <testcase name="toJson" time="0.024" classname="org.upasample2.app.GsonTest"/>
  <testcase name="toJson" time="0.001" classname="org.upasample2.app.GsonTest"/>
  <testcase name="toJson" time="0.001" classname="org.upasample2.app.GsonTest"/>
  <testcase name="toJson" time="0.002" classname="org.upasample2.app.GsonTest"/>
  <testcase name="toJson" time="0.001" classname="org.upasample2.app.GsonTest"/>
  <testcase name="toJson" time="0.002" classname="org.upasample2.app.GsonTest"/>
  <testcase name="toJson" time="0.001" classname="org.upasample2.app.GsonTest"/>
  <testcase name="toJson" time="0.001" classname="org.upasample2.app.GsonTest"/>
  <testcase name="toJson" time="0.001" classname="org.upasample2.app.GsonTest"/>
  <testcase name="toJson" time="0.001" classname="org.upasample2.app.GsonTest"/>
  <testcase name="toJson" time="0.0" classname="org.upasample2.app.GsonTest"/>
  <testcase name="toJson" time="0.001" classname="org.upasample2.app.GsonTest"/>
  <testcase name="toJson" time="0.002" classname="org.upasample2.app.GsonTest"/>
  <testcase name="toJson" time="0.0" classname="org.upasample2.app.GsonTest"/>
</testsuite> <!-- Default test -->
